Flow report for AProp_top
Thu Mar 20 16:37:59 2014
Quartus II 64-Bit Version 13.0.1 Build 232 06/12/2013 Service Pack 1 SJ Web Edition


---------------------
; Table of Contents ;
---------------------
  1. Legal Notice
  2. Flow Summary
  3. Flow Settings
  4. Flow Non-Default Global Settings
  5. Flow Elapsed Time
  6. Flow OS Summary
  7. Flow Log
  8. Flow Messages
  9. Flow Suppressed Messages



----------------
; Legal Notice ;
----------------
Copyright (C) 1991-2013 Altera Corporation
Your use of Altera Corporation's design tools, logic functions 
and other software and tools, and its AMPP partner logic 
functions, and any output files from any of the foregoing 
(including device programming or simulation files), and any 
associated documentation or information are expressly subject 
to the terms and conditions of the Altera Program License 
Subscription Agreement, Altera MegaCore Function License 
Agreement, or other applicable license agreement, including, 
without limitation, that your use is for the sole purpose of 
programming logic devices manufactured by Altera and sold by 
Altera or its authorized distributors.  Please refer to the 
applicable agreement for further details.



+---------------------------------------------------------------------------------------+
; Flow Summary                                                                          ;
+-------------------------------------+-------------------------------------------------+
; Flow Status                         ; Successful - Thu Mar 20 16:37:23 2014           ;
; Quartus II 64-Bit Version           ; 13.0.1 Build 232 06/12/2013 SP 1 SJ Web Edition ;
; Revision Name                       ; AProp_top                                       ;
; Top-level Entity Name               ; AProp                                           ;
; Family                              ; Cyclone V                                       ;
; Device                              ; 5CEFA2F23I7                                     ;
; Timing Models                       ; Final                                           ;
; Logic utilization (in ALMs)         ; 1,240 / 9,430 ( 13 % )                          ;
; Total registers                     ; 439                                             ;
; Total pins                          ; 34 / 224 ( 15 % )                               ;
; Total virtual pins                  ; 0                                               ;
; Total block memory bits             ; 16,384 / 1,802,240 ( < 1 % )                    ;
; Total DSP Blocks                    ; 0 / 25 ( 0 % )                                  ;
; Total HSSI RX PCSs                  ; 0                                               ;
; Total HSSI PMA RX Deserializers     ; 0                                               ;
; Total HSSI PMA RX ATT Deserializers ; 0                                               ;
; Total HSSI TX PCSs                  ; 0                                               ;
; Total HSSI PMA TX Serializers       ; 0                                               ;
; Total HSSI PMA TX ATT Serializers   ; 0                                               ;
; Total PLLs                          ; 1 / 4 ( 25 % )                                  ;
; Total DLLs                          ; 0 / 4 ( 0 % )                                   ;
+-------------------------------------+-------------------------------------------------+


+-----------------------------------------+
; Flow Settings                           ;
+-------------------+---------------------+
; Option            ; Setting             ;
+-------------------+---------------------+
; Start date & time ; 03/20/2014 16:34:50 ;
; Main task         ; Compilation         ;
; Revision Name     ; AProp_top           ;
+-------------------+---------------------+


+----------------------------------------------------------------------------------------------------------------------------+
; Flow Non-Default Global Settings                                                                                           ;
+-------------------------------------+---------------------------------------+---------------+-----------------+------------+
; Assignment Name                     ; Value                                 ; Default Value ; Entity Name     ; Section Id ;
+-------------------------------------+---------------------------------------+---------------+-----------------+------------+
; COMPILER_SIGNATURE_ID               ; 70561824015148.139532969048804        ; --            ; --              ; --         ;
; IP_TOOL_ENV                         ; mwpim                                 ; --            ; pll_altera      ; --         ;
; IP_TOOL_ENV                         ; mwpim                                 ; --            ; pll_altera      ; --         ;
; IP_TOOL_ENV                         ; mwpim                                 ; --            ; pll_altera_0002 ; --         ;
; IP_TOOL_NAME                        ; RAM: 2-PORT                           ; --            ; --              ; --         ;
; IP_TOOL_NAME                        ; altera_pll                            ; --            ; pll_altera      ; --         ;
; IP_TOOL_NAME                        ; altera_pll                            ; --            ; pll_altera      ; --         ;
; IP_TOOL_NAME                        ; altera_pll                            ; --            ; pll_altera_0002 ; --         ;
; IP_TOOL_VERSION                     ; 13.0                                  ; --            ; --              ; --         ;
; IP_TOOL_VERSION                     ; 13.0sp1                               ; --            ; pll_altera      ; --         ;
; IP_TOOL_VERSION                     ; 13.0sp1                               ; --            ; pll_altera      ; --         ;
; IP_TOOL_VERSION                     ; 13.0                                  ; --            ; pll_altera_0002 ; --         ;
; MAX_CORE_JUNCTION_TEMP              ; 100                                   ; --            ; --              ; --         ;
; MIN_CORE_JUNCTION_TEMP              ; -40                                   ; --            ; --              ; --         ;
; MISC_FILE                           ; cog_mem_altera_bb.v                   ; --            ; --              ; --         ;
; MISC_FILE                           ; pll_altera.cmp                        ; --            ; --              ; --         ;
; MISC_FILE                           ; pll_altera_sim/pll_altera.vo          ; --            ; --              ; --         ;
; PARTITION_COLOR                     ; 16764057                              ; --            ; AProp           ; Top        ;
; PARTITION_FITTER_PRESERVATION_LEVEL ; PLACEMENT_AND_ROUTING                 ; --            ; AProp           ; Top        ;
; PARTITION_NETLIST_TYPE              ; SOURCE                                ; --            ; AProp           ; Top        ;
; POWER_BOARD_THERMAL_MODEL           ; None (CONSERVATIVE)                   ; --            ; --              ; --         ;
; POWER_PRESET_COOLING_SOLUTION       ; 23 MM HEAT SINK WITH 200 LFPM AIRFLOW ; --            ; --              ; --         ;
; PROJECT_OUTPUT_DIRECTORY            ; output_files                          ; --            ; --              ; --         ;
; SPD_FILE                            ; pll_altera.spd                        ; --            ; --              ; --         ;
; SYNTHESIS_ONLY_QIP                  ; On                                    ; --            ; --              ; --         ;
; TOP_LEVEL_ENTITY                    ; AProp                                 ; AProp_top     ; --              ; --         ;
+-------------------------------------+---------------------------------------+---------------+-----------------+------------+


+-------------------------------------------------------------------------------------------------------------------------------+
; Flow Elapsed Time                                                                                                             ;
+---------------------------+--------------+-------------------------+---------------------+------------------------------------+
; Module Name               ; Elapsed Time ; Average Processors Used ; Peak Virtual Memory ; Total CPU Time (on all processors) ;
+---------------------------+--------------+-------------------------+---------------------+------------------------------------+
; Analysis & Synthesis      ; 00:00:24     ; 1.0                     ; 499 MB              ; 00:00:24                           ;
; Fitter                    ; 00:01:54     ; 1.0                     ; 1506 MB             ; 00:01:54                           ;
; Assembler                 ; 00:00:10     ; 1.0                     ; 569 MB              ; 00:00:10                           ;
; TimeQuest Timing Analyzer ; 00:00:35     ; 1.0                     ; 1102 MB             ; 00:00:35                           ;
; Total                     ; 00:03:03     ; --                      ; --                  ; 00:03:03                           ;
+---------------------------+--------------+-------------------------+---------------------+------------------------------------+


+----------------------------------------------------------------------------------------+
; Flow OS Summary                                                                        ;
+---------------------------+------------------+-----------+------------+----------------+
; Module Name               ; Machine Hostname ; OS Name   ; OS Version ; Processor type ;
+---------------------------+------------------+-----------+------------+----------------+
; Analysis & Synthesis      ; LUL0389G         ; Windows 7 ; 6.1        ; x86_64         ;
; Fitter                    ; LUL0389G         ; Windows 7 ; 6.1        ; x86_64         ;
; Assembler                 ; LUL0389G         ; Windows 7 ; 6.1        ; x86_64         ;
; TimeQuest Timing Analyzer ; LUL0389G         ; Windows 7 ; 6.1        ; x86_64         ;
+---------------------------+------------------+-----------+------------+----------------+


------------
; Flow Log ;
------------
quartus_map --read_settings_files=on --write_settings_files=off AProp -c AProp_top
quartus_fit --read_settings_files=off --write_settings_files=off AProp -c AProp_top
quartus_asm --read_settings_files=off --write_settings_files=off AProp -c AProp_top
quartus_sta AProp -c AProp_top



